<?xml version="1.0" encoding="UTF-8" ?>
<testsuite tests="4" failures="2" name="firstcucumber.RunCucumberTest" time="39.38" errors="0" skipped="0">
  <properties>
[...]
</properties>
  <testcase classname="Login" name="Show Homepage after Log with valid credentials" time="13.724"/>
  <testcase classname="Login" name="Show Error Message after logining with invalid credentials" time="9.844">
    <failure message="expected:&lt;Login [Page ]- Testmaster.vn&gt; but was:&lt;Login []- Testmaster.vn&gt;" type="org.junit.ComparisonFailure">org.junit.ComparisonFailure: expected:&lt;Login [Page ]- Testmaster.vn&gt; but was:&lt;Login []- Testmaster.vn&gt;
	at org.junit.Assert.assertEquals(Assert.java:117)
	at org.junit.Assert.assertEquals(Assert.java:146)
	at firstcucumber.StepDefinitions.theSystemDisplaysTheError(StepDefinitions.java:77)
	at ✽.The system displays the error &quot;password incorrect&quot;(file:///D:/Source%20Code/firstcucumberproject/src/test/resources/firstcucumber/login.feature:12)
</failure>
    <system-out>
@Sprint2
Scenario Outline: Show Error Message after logining with invalid credentials      &amp;#27;[90m# src/test/resources/firstcucumber/login.feature:15&amp;#27;[0m
  &amp;#27;[32mGiven &amp;#27;[0m&amp;#27;[32mThe login screen is displayed on browser&amp;#27;[0m                                  &amp;#27;[90m# firstcucumber.StepDefinitions.the_login_screen_is_displayed_on_browser()&amp;#27;[0m
  &amp;#27;[32mWhen &amp;#27;[0m&amp;#27;[32mThe user attempt to login with valid &amp;#27;[0m&amp;#27;[32m&amp;#27;[1m&quot;khanh.tx@live.com&quot;&amp;#27;[0m&amp;#27;[32m and invalid &amp;#27;[0m&amp;#27;[32m&amp;#27;[1m&quot;abc&quot;&amp;#27;[0m &amp;#27;[90m# firstcucumber.StepDefinitions.theUserAttemptToLoginWithValidAndInvalid(java.lang.String,java.lang.String)&amp;#27;[0m
Login - Testmaster.vn
  &amp;#27;[31mThen &amp;#27;[0m&amp;#27;[31mThe system displays the error &amp;#27;[0m&amp;#27;[31m&amp;#27;[1m&quot;password incorrect&quot;&amp;#27;[0m                         &amp;#27;[90m# firstcucumber.StepDefinitions.theSystemDisplaysTheError(java.lang.String)&amp;#27;[0m
      &amp;#27;[31morg.junit.ComparisonFailure: expected:&lt;Login [Page ]- Testmaster.vn&gt; but was:&lt;Login []- Testmaster.vn&gt;
	at org.junit.Assert.assertEquals(Assert.java:117)
	at org.junit.Assert.assertEquals(Assert.java:146)
	at firstcucumber.StepDefinitions.theSystemDisplaysTheError(StepDefinitions.java:77)
	at ?.The system displays the error &quot;password incorrect&quot;(file:///D:/Source%20Code/firstcucumberproject/src/test/resources/firstcucumber/login.feature:12)
&amp;#27;[0m

    Embedding null [image/png 275156 bytes]

</system-out>
    <system-err>Starting ChromeDriver 81.0.4044.138 (8c6c7ba89cc9453625af54f11fd83179e23450fa-refs/branch-heads/4044@{#999}) on port 8318
Only local connections are allowed.
Please protect ports used by ChromeDriver and related test frameworks to prevent access by malicious code.
May 19, 2020 5:33:52 PM org.openqa.selenium.remote.ProtocolHandshake createSession
INFO: Detected dialect: W3C
[1589884432.979][SEVERE]: Timed out receiving message from renderer: 0.100
[1589884433.199][SEVERE]: Timed out receiving message from renderer: 0.100
[1589884433.301][SEVERE]: Timed out receiving message from renderer: 0.100
[1589884433.409][SEVERE]: Timed out receiving message from renderer: 0.100
[1589884433.510][SEVERE]: Timed out receiving message from renderer: 0.100
[1589884433.612][SEVERE]: Timed out receiving message from renderer: 0.100
[1589884433.713][SEVERE]: Timed out receiving message from renderer: 0.100
[1589884433.815][SEVERE]: Timed out receiving message from renderer: 0.100
</system-err>
  </testcase>
  <testcase classname="Login" name="Show Error Message after logining with invalid credentials" time="10.279">
    <failure message="expected:&lt;Login [Page ]- Testmaster.vn&gt; but was:&lt;Login []- Testmaster.vn&gt;" type="org.junit.ComparisonFailure">org.junit.ComparisonFailure: expected:&lt;Login [Page ]- Testmaster.vn&gt; but was:&lt;Login []- Testmaster.vn&gt;
	at org.junit.Assert.assertEquals(Assert.java:117)
	at org.junit.Assert.assertEquals(Assert.java:146)
	at firstcucumber.StepDefinitions.theSystemDisplaysTheError(StepDefinitions.java:77)
	at ✽.The system displays the error &quot;Email is invalid&quot;(file:///D:/Source%20Code/firstcucumberproject/src/test/resources/firstcucumber/login.feature:12)
</failure>
    <system-out>
@Sprint2
Scenario Outline: Show Error Message after logining with invalid credentials &amp;#27;[90m# src/test/resources/firstcucumber/login.feature:16&amp;#27;[0m
  &amp;#27;[32mGiven &amp;#27;[0m&amp;#27;[32mThe login screen is displayed on browser&amp;#27;[0m                             &amp;#27;[90m# firstcucumber.StepDefinitions.the_login_screen_is_displayed_on_browser()&amp;#27;[0m
  &amp;#27;[32mWhen &amp;#27;[0m&amp;#27;[32mThe user attempt to login with valid &amp;#27;[0m&amp;#27;[32m&amp;#27;[1m&quot;khanh.tx&quot;&amp;#27;[0m&amp;#27;[32m and invalid &amp;#27;[0m&amp;#27;[32m&amp;#27;[1m&quot;abc123&quot;&amp;#27;[0m  &amp;#27;[90m# firstcucumber.StepDefinitions.theUserAttemptToLoginWithValidAndInvalid(java.lang.String,java.lang.String)&amp;#27;[0m
Login - Testmaster.vn
  &amp;#27;[31mThen &amp;#27;[0m&amp;#27;[31mThe system displays the error &amp;#27;[0m&amp;#27;[31m&amp;#27;[1m&quot;Email is invalid&quot;&amp;#27;[0m                      &amp;#27;[90m# firstcucumber.StepDefinitions.theSystemDisplaysTheError(java.lang.String)&amp;#27;[0m
      &amp;#27;[31morg.junit.ComparisonFailure: expected:&lt;Login [Page ]- Testmaster.vn&gt; but was:&lt;Login []- Testmaster.vn&gt;
	at org.junit.Assert.assertEquals(Assert.java:117)
	at org.junit.Assert.assertEquals(Assert.java:146)
	at firstcucumber.StepDefinitions.theSystemDisplaysTheError(StepDefinitions.java:77)
	at ?.The system displays the error &quot;Email is invalid&quot;(file:///D:/Source%20Code/firstcucumberproject/src/test/resources/firstcucumber/login.feature:12)
&amp;#27;[0m

    Embedding null [image/png 276060 bytes]

</system-out>
    <system-err>Starting ChromeDriver 81.0.4044.138 (8c6c7ba89cc9453625af54f11fd83179e23450fa-refs/branch-heads/4044@{#999}) on port 46961
Only local connections are allowed.
Please protect ports used by ChromeDriver and related test frameworks to prevent access by malicious code.
May 19, 2020 5:34:02 PM org.openqa.selenium.remote.ProtocolHandshake createSession
INFO: Detected dialect: W3C
[1589884442.832][SEVERE]: Timed out receiving message from renderer: 0.100
[1589884443.047][SEVERE]: Timed out receiving message from renderer: 0.100
[1589884443.149][SEVERE]: Timed out receiving message from renderer: 0.100
[1589884443.253][SEVERE]: Timed out receiving message from renderer: 0.100
[1589884443.360][SEVERE]: Timed out receiving message from renderer: 0.100
[1589884443.461][SEVERE]: Timed out receiving message from renderer: 0.100
[1589884443.562][SEVERE]: Timed out receiving message from renderer: 0.100
[1589884443.666][SEVERE]: Timed out receiving message from renderer: 0.100
[1589884443.768][SEVERE]: Timed out receiving message from renderer: 0.100
</system-err>
  </testcase>
  <testcase classname="Todo" name="Hien thi dung danh sach da them sau khi refresh" time="5.533"/>
</testsuite>